CRITICAL - 2023-05-29 12:31:08 --> Class "App\Controllers\Ajaxstudent" not found
in APPPATH\Controllers\AjaxstudentController.php on line 16.
 1 SYSTEMPATH\CodeIgniter.php(934): App\Controllers\AjaxstudentController->store()
 2 SYSTEMPATH\CodeIgniter.php(499): CodeIgniter\CodeIgniter->runController(Object(App\Controllers\AjaxstudentController))
 3 SYSTEMPATH\CodeIgniter.php(368): CodeIgniter\CodeIgniter->handleRequest(null, Object(Config\Cache), false)
 4 FCPATH\index.php(67): CodeIgniter\CodeIgniter->run()
 5 SYSTEMPATH\Commands\Server\rewrite.php(47): require_once('C:\\Users\\Mohtar\\Videos\\ci_ajax_request\\public\\index.php')
ERROR - 2023-05-29 12:31:53 --> mysqli_sql_exception: Column 'name' cannot be null in C:\Users\Mohtar\Videos\ci_ajax_request\system\Database\MySQLi\Connection.php:295
Stack trace:
#0 C:\Users\Mohtar\Videos\ci_ajax_request\system\Database\MySQLi\Connection.php(295): mysqli->query('INSERT INTO `st...', 0)
#1 C:\Users\Mohtar\Videos\ci_ajax_request\system\Database\BaseConnection.php(692): CodeIgniter\Database\MySQLi\Connection->execute('INSERT INTO `st...')
#2 C:\Users\Mohtar\Videos\ci_ajax_request\system\Database\BaseConnection.php(606): CodeIgniter\Database\BaseConnection->simpleQuery('INSERT INTO `st...')
#3 C:\Users\Mohtar\Videos\ci_ajax_request\system\Database\BaseBuilder.php(2309): CodeIgniter\Database\BaseConnection->query('INSERT INTO `st...', Array, false)
#4 C:\Users\Mohtar\Videos\ci_ajax_request\system\Model.php(330): CodeIgniter\Database\BaseBuilder->insert()
#5 C:\Users\Mohtar\Videos\ci_ajax_request\system\BaseModel.php(782): CodeIgniter\Model->doInsert(Array)
#6 C:\Users\Mohtar\Videos\ci_ajax_request\system\Model.php(730): CodeIgniter\BaseModel->insert(Array, false)
#7 C:\Users\Mohtar\Videos\ci_ajax_request\system\BaseModel.php(692): CodeIgniter\Model->insert(Array, false)
#8 C:\Users\Mohtar\Videos\ci_ajax_request\app\Controllers\AjaxstudentController.php(25): CodeIgniter\BaseModel->save(Array)
#9 C:\Users\Mohtar\Videos\ci_ajax_request\system\CodeIgniter.php(934): App\Controllers\AjaxstudentController->store()
#10 C:\Users\Mohtar\Videos\ci_ajax_request\system\CodeIgniter.php(499): CodeIgniter\CodeIgniter->runController(Object(App\Controllers\AjaxstudentController))
#11 C:\Users\Mohtar\Videos\ci_ajax_request\system\CodeIgniter.php(368): CodeIgniter\CodeIgniter->handleRequest(NULL, Object(Config\Cache), false)
#12 C:\Users\Mohtar\Videos\ci_ajax_request\public\index.php(67): CodeIgniter\CodeIgniter->run()
#13 C:\Users\Mohtar\Videos\ci_ajax_request\system\Commands\Server\rewrite.php(47): require_once('C:\\Users\\Mohtar...')
#14 {main}
CRITICAL - 2023-05-29 12:31:53 --> Column 'name' cannot be null
in SYSTEMPATH\Database\MySQLi\Connection.php on line 295.
 1 SYSTEMPATH\Database\MySQLi\Connection.php(295): mysqli->query('INSERT INTO `students` (`name`, `email`, `phone`, `course`) VALUES (NULL, NULL, NULL, NULL)', 0)
 2 SYSTEMPATH\Database\BaseConnection.php(692): CodeIgniter\Database\MySQLi\Connection->execute('INSERT INTO `students` (`name`, `email`, `phone`, `course`) VALUES (NULL, NULL, NULL, NULL)')
 3 SYSTEMPATH\Database\BaseConnection.php(606): CodeIgniter\Database\BaseConnection->simpleQuery('INSERT INTO `students` (`name`, `email`, `phone`, `course`) VALUES (NULL, NULL, NULL, NULL)')
 4 SYSTEMPATH\Database\BaseBuilder.php(2309): CodeIgniter\Database\BaseConnection->query('INSERT INTO `students` (`name`, `email`, `phone`, `course`) VALUES (:name:, :email:, :phone:, :course:)', [...], false)
 5 SYSTEMPATH\Model.php(330): CodeIgniter\Database\BaseBuilder->insert()
 6 SYSTEMPATH\BaseModel.php(782): CodeIgniter\Model->doInsert([...])
 7 SYSTEMPATH\Model.php(730): CodeIgniter\BaseModel->insert([...], false)
 8 SYSTEMPATH\BaseModel.php(692): CodeIgniter\Model->insert([...], false)
 9 APPPATH\Controllers\AjaxstudentController.php(25): CodeIgniter\BaseModel->save([...])
10 SYSTEMPATH\CodeIgniter.php(934): App\Controllers\AjaxstudentController->store()
11 SYSTEMPATH\CodeIgniter.php(499): CodeIgniter\CodeIgniter->runController(Object(App\Controllers\AjaxstudentController))
12 SYSTEMPATH\CodeIgniter.php(368): CodeIgniter\CodeIgniter->handleRequest(null, Object(Config\Cache), false)
13 FCPATH\index.php(67): CodeIgniter\CodeIgniter->run()
14 SYSTEMPATH\Commands\Server\rewrite.php(47): require_once('C:\\Users\\Mohtar\\Videos\\ci_ajax_request\\public\\index.php')
ERROR - 2023-05-29 12:32:46 --> mysqli_sql_exception: Column 'name' cannot be null in C:\Users\Mohtar\Videos\ci_ajax_request\system\Database\MySQLi\Connection.php:295
Stack trace:
#0 C:\Users\Mohtar\Videos\ci_ajax_request\system\Database\MySQLi\Connection.php(295): mysqli->query('INSERT INTO `st...', 0)
#1 C:\Users\Mohtar\Videos\ci_ajax_request\system\Database\BaseConnection.php(692): CodeIgniter\Database\MySQLi\Connection->execute('INSERT INTO `st...')
#2 C:\Users\Mohtar\Videos\ci_ajax_request\system\Database\BaseConnection.php(606): CodeIgniter\Database\BaseConnection->simpleQuery('INSERT INTO `st...')
#3 C:\Users\Mohtar\Videos\ci_ajax_request\system\Database\BaseBuilder.php(2309): CodeIgniter\Database\BaseConnection->query('INSERT INTO `st...', Array, false)
#4 C:\Users\Mohtar\Videos\ci_ajax_request\system\Model.php(330): CodeIgniter\Database\BaseBuilder->insert()
#5 C:\Users\Mohtar\Videos\ci_ajax_request\system\BaseModel.php(782): CodeIgniter\Model->doInsert(Array)
#6 C:\Users\Mohtar\Videos\ci_ajax_request\system\Model.php(730): CodeIgniter\BaseModel->insert(Array, false)
#7 C:\Users\Mohtar\Videos\ci_ajax_request\system\BaseModel.php(692): CodeIgniter\Model->insert(Array, false)
#8 C:\Users\Mohtar\Videos\ci_ajax_request\app\Controllers\AjaxstudentController.php(25): CodeIgniter\BaseModel->save(Array)
#9 C:\Users\Mohtar\Videos\ci_ajax_request\system\CodeIgniter.php(934): App\Controllers\AjaxstudentController->store()
#10 C:\Users\Mohtar\Videos\ci_ajax_request\system\CodeIgniter.php(499): CodeIgniter\CodeIgniter->runController(Object(App\Controllers\AjaxstudentController))
#11 C:\Users\Mohtar\Videos\ci_ajax_request\system\CodeIgniter.php(368): CodeIgniter\CodeIgniter->handleRequest(NULL, Object(Config\Cache), false)
#12 C:\Users\Mohtar\Videos\ci_ajax_request\public\index.php(67): CodeIgniter\CodeIgniter->run()
#13 C:\Users\Mohtar\Videos\ci_ajax_request\system\Commands\Server\rewrite.php(47): require_once('C:\\Users\\Mohtar...')
#14 {main}
CRITICAL - 2023-05-29 12:32:46 --> Column 'name' cannot be null
in SYSTEMPATH\Database\MySQLi\Connection.php on line 295.
 1 SYSTEMPATH\Database\MySQLi\Connection.php(295): mysqli->query('INSERT INTO `students` (`name`, `email`, `phone`, `course`) VALUES (NULL, NULL, NULL, NULL)', 0)
 2 SYSTEMPATH\Database\BaseConnection.php(692): CodeIgniter\Database\MySQLi\Connection->execute('INSERT INTO `students` (`name`, `email`, `phone`, `course`) VALUES (NULL, NULL, NULL, NULL)')
 3 SYSTEMPATH\Database\BaseConnection.php(606): CodeIgniter\Database\BaseConnection->simpleQuery('INSERT INTO `students` (`name`, `email`, `phone`, `course`) VALUES (NULL, NULL, NULL, NULL)')
 4 SYSTEMPATH\Database\BaseBuilder.php(2309): CodeIgniter\Database\BaseConnection->query('INSERT INTO `students` (`name`, `email`, `phone`, `course`) VALUES (:name:, :email:, :phone:, :course:)', [...], false)
 5 SYSTEMPATH\Model.php(330): CodeIgniter\Database\BaseBuilder->insert()
 6 SYSTEMPATH\BaseModel.php(782): CodeIgniter\Model->doInsert([...])
 7 SYSTEMPATH\Model.php(730): CodeIgniter\BaseModel->insert([...], false)
 8 SYSTEMPATH\BaseModel.php(692): CodeIgniter\Model->insert([...], false)
 9 APPPATH\Controllers\AjaxstudentController.php(25): CodeIgniter\BaseModel->save([...])
10 SYSTEMPATH\CodeIgniter.php(934): App\Controllers\AjaxstudentController->store()
11 SYSTEMPATH\CodeIgniter.php(499): CodeIgniter\CodeIgniter->runController(Object(App\Controllers\AjaxstudentController))
12 SYSTEMPATH\CodeIgniter.php(368): CodeIgniter\CodeIgniter->handleRequest(null, Object(Config\Cache), false)
13 FCPATH\index.php(67): CodeIgniter\CodeIgniter->run()
14 SYSTEMPATH\Commands\Server\rewrite.php(47): require_once('C:\\Users\\Mohtar\\Videos\\ci_ajax_request\\public\\index.php')
